0 info it worked if it ends with ok
1 verbose cli [ '/usr/bin/nodejs', '/usr/bin/npm', 'publish' ]
2 info using npm@3.10.9
3 info using node@v6.9.2
4 verbose publish [ '.' ]
5 silly cache add args [ '.', null ]
6 verbose cache add spec .
7 silly cache add parsed spec Result {
7 silly cache add   raw: '.',
7 silly cache add   scope: null,
7 silly cache add   escapedName: null,
7 silly cache add   name: null,
7 silly cache add   rawSpec: '.',
7 silly cache add   spec: '/var/www/html/angular-data-table',
7 silly cache add   type: 'directory' }
8 verbose addLocalDirectory /home/bruno/.npm/@vinagreti/angular-data-table/0.0.1/package.tgz not in flight; packing
9 verbose correctMkdir /home/bruno/.npm correctMkdir not in flight; initializing
10 info lifecycle @vinagreti/angular-data-table@0.0.1~prepublish: @vinagreti/angular-data-table@0.0.1
11 silly lifecycle @vinagreti/angular-data-table@0.0.1~prepublish: no script for prepublish, continuing
12 verbose tar pack [ '/home/bruno/.npm/@vinagreti/angular-data-table/0.0.1/package.tgz',
12 verbose tar pack   '/var/www/html/angular-data-table' ]
13 verbose tarball /home/bruno/.npm/@vinagreti/angular-data-table/0.0.1/package.tgz
14 verbose folder /var/www/html/angular-data-table
15 verbose addLocalTarball adding from inside cache /home/bruno/.npm/@vinagreti/angular-data-table/0.0.1/package.tgz
16 verbose correctMkdir /home/bruno/.npm correctMkdir not in flight; initializing
17 silly cache afterAdd @vinagreti/angular-data-table@0.0.1
18 verbose afterAdd /home/bruno/.npm/@vinagreti/angular-data-table/0.0.1/package/package.json not in flight; writing
19 verbose correctMkdir /home/bruno/.npm correctMkdir not in flight; initializing
20 verbose afterAdd /home/bruno/.npm/@vinagreti/angular-data-table/0.0.1/package/package.json written
21 silly publish { name: '@vinagreti/angular-data-table',
21 silly publish   version: '0.0.1',
21 silly publish   description: 'An Angular 2 + Data Table that uses HTTP to create, read, update and delete data from an external API such REST.',
21 silly publish   main: 'index.js',
21 silly publish   scripts: { test: 'echo "Error: no test specified" && exit 1' },
21 silly publish   repository:
21 silly publish    { type: 'git',
21 silly publish      url: 'git+https://vinagreti@github.com/vinagreti/angular-data-table.git' },
21 silly publish   keywords: [ 'angular', 'angular2', 'data-table' ],
21 silly publish   author:
21 silly publish    { name: '“Vinagreti”',
21 silly publish      email: 'bruno@tzadi.com',
21 silly publish      url: 'https://br.linkedin.com/in/brunojoao' },
21 silly publish   license: 'WTFPL',
21 silly publish   bugs: { url: 'https://github.com/vinagreti/angular-data-table/issues' },
21 silly publish   homepage: 'https://github.com/vinagreti/angular-data-table#readme',
21 silly publish   readme: '# angular-data-table\nAn Angular 2 + Data Table that uses HTTP to create, read, update and delete data from an external API such REST.\n\n\n#License\n----\n\nWTFPL\n',
21 silly publish   readmeFilename: 'README.md',
21 silly publish   gitHead: '8bd89d1b036dd7c02e9f18b84b6f83930d90f12b',
21 silly publish   _id: '@vinagreti/angular-data-table@0.0.1',
21 silly publish   _shasum: '8ecedb93ff0a4888b645c3be9dc28d6a2ee05bb1',
21 silly publish   _from: '.' }
22 verbose getPublishConfig undefined
23 silly mapToRegistry name @vinagreti/angular-data-table
24 silly mapToRegistry scope (from package name) @vinagreti
25 verbose mapToRegistry no registry URL found in name for scope @vinagreti
26 silly mapToRegistry using default registry
27 silly mapToRegistry registry http://registry.npmjs.org/
28 silly mapToRegistry data Result {
28 silly mapToRegistry   raw: '@vinagreti/angular-data-table',
28 silly mapToRegistry   scope: '@vinagreti',
28 silly mapToRegistry   escapedName: '@vinagreti%2fangular-data-table',
28 silly mapToRegistry   name: '@vinagreti/angular-data-table',
28 silly mapToRegistry   rawSpec: '',
28 silly mapToRegistry   spec: 'latest',
28 silly mapToRegistry   type: 'tag' }
29 silly mapToRegistry uri http://registry.npmjs.org/@vinagreti%2fangular-data-table
30 verbose publish registryBase http://registry.npmjs.org/
31 silly publish uploading /home/bruno/.npm/@vinagreti/angular-data-table/0.0.1/package.tgz
32 verbose request uri http://registry.npmjs.org/@vinagreti%2fangular-data-table
33 verbose request sending authorization for write operation
34 info attempt registry request try #1 at 10:00:33 AM
35 verbose request using bearer token for auth
36 verbose request id 918b28126f45328c
37 http request PUT http://registry.npmjs.org/@vinagreti%2fangular-data-table
38 http 402 http://registry.npmjs.org/@vinagreti%2fangular-data-table
39 verbose headers { 'content-type': 'application/json',
39 verbose headers   'cache-control': 'max-age=0',
39 verbose headers   'content-length': '119',
39 verbose headers   'accept-ranges': 'bytes',
39 verbose headers   date: 'Mon, 09 Jan 2017 12:00:34 GMT',
39 verbose headers   via: '1.1 varnish',
39 verbose headers   connection: 'keep-alive',
39 verbose headers   'x-served-by': 'cache-gru7122-GRU',
39 verbose headers   'x-cache': 'MISS',
39 verbose headers   'x-cache-hits': '0',
39 verbose headers   'x-timer': 'S1483963233.501016,VS0,VE800' }
40 verbose request invalidating /home/bruno/.npm/registry.npmjs.org/_40vinagreti_252fangular-data-table on PUT
41 error publish Failed PUT 402
42 verbose stack Error: You need a paid account to perform this action. For more info, visit: https://www.npmjs.com/private-modules : @vinagreti/angular-data-table
42 verbose stack     at makeError (/usr/lib/node_modules/npm/node_modules/npm-registry-client/lib/request.js:302:12)
42 verbose stack     at CachingRegistryClient.<anonymous> (/usr/lib/node_modules/npm/node_modules/npm-registry-client/lib/request.js:290:14)
42 verbose stack     at Request._callback (/usr/lib/node_modules/npm/node_modules/npm-registry-client/lib/request.js:210:14)
42 verbose stack     at Request.self.callback (/usr/lib/node_modules/npm/node_modules/request/request.js:187:22)
42 verbose stack     at emitTwo (events.js:106:13)
42 verbose stack     at Request.emit (events.js:191:7)
42 verbose stack     at Request.<anonymous> (/usr/lib/node_modules/npm/node_modules/request/request.js:1048:10)
42 verbose stack     at emitOne (events.js:96:13)
42 verbose stack     at Request.emit (events.js:188:7)
42 verbose stack     at IncomingMessage.<anonymous> (/usr/lib/node_modules/npm/node_modules/request/request.js:969:12)
43 verbose statusCode 402
44 verbose pkgid @vinagreti/angular-data-table
45 verbose cwd /var/www/html/angular-data-table
46 error Linux 4.4.0-57-generic
47 error argv "/usr/bin/nodejs" "/usr/bin/npm" "publish"
48 error node v6.9.2
49 error npm  v3.10.9
50 error code E402
51 error You need a paid account to perform this action. For more info, visit: https://www.npmjs.com/private-modules : @vinagreti/angular-data-table
52 error If you need help, you may report this error at:
52 error     <https://github.com/npm/npm/issues>
53 verbose exit [ 1, true ]
